/usr/local/lib/python2.7/dist-packages/quast-5.0.2-py2.7.egg/EGG-INFO/scripts/quast.py -t 10 result/canu/canu_assembly/Dwil.contigs.fasta

Version: 5.0.2

System information:
  OS: Linux-5.15.49-linuxkit-pr-x86_64-with-Ubuntu-16.04-xenial (linux_64)
  Python version: 2.7.12
  CPUs number: 1

Started: 2023-08-14 15:55:07

Logging to /data/quast_results/results_2023_08_14_15_55_07/quast.log

CWD: /data
Main parameters: 
  MODE: default, threads: 10, minimum contig length: 500, minimum alignment length: 65, \
  ambiguity: one, threshold for extensive misassembly size: 1000

Contigs:
  Pre-processing...
  result/canu/canu_assembly/Dwil.contigs.fasta ==> Dwil.contigs

2023-08-14 15:56:51
Running Basic statistics processor...
  Contig files: 
    Dwil.contigs
  Calculating N50 and L50...
    Dwil.contigs, N50 = 1546018, L50 = 35, Total length = 267970797, GC % = 37.51, # N's per 100 kbp =  0.00
  Drawing Nx plot...
    saved to /data/quast_results/results_2023_08_14_15_55_07/basic_stats/Nx_plot.pdf
  Drawing cumulative plot...
    saved to /data/quast_results/results_2023_08_14_15_55_07/basic_stats/cumulative_plot.pdf
  Drawing GC content plot...
    saved to /data/quast_results/results_2023_08_14_15_55_07/basic_stats/GC_content_plot.pdf
  Drawing Dwil.contigs GC content plot...
    saved to /data/quast_results/results_2023_08_14_15_55_07/basic_stats/Dwil.contigs_GC_content_plot.pdf
Done.

NOTICE: Genes are not predicted by default. Use --gene-finding or --glimmer option to enable it.

2023-08-14 15:57:54
Creating large visual summaries...
This may take a while: press Ctrl-C to skip this step..
  1 of 2: Creating Icarus viewers...
  2 of 2: Creating PDF with all tables and plots...
Done

2023-08-14 15:58:14
RESULTS:
  Text versions of total report are saved to /data/quast_results/results_2023_08_14_15_55_07/report.txt, report.tsv, and report.tex
  Text versions of transposed total report are saved to /data/quast_results/results_2023_08_14_15_55_07/transposed_report.txt, transposed_report.tsv, and transposed_report.tex
  HTML version (interactive tables and plots) is saved to /data/quast_results/results_2023_08_14_15_55_07/report.html
  PDF version (tables and plots) is saved to /data/quast_results/results_2023_08_14_15_55_07/report.pdf
  Icarus (contig browser) is saved to /data/quast_results/results_2023_08_14_15_55_07/icarus.html
  Log is saved to /data/quast_results/results_2023_08_14_15_55_07/quast.log

Finished: 2023-08-14 15:58:14
Elapsed time: 0:03:07.570822
NOTICEs: 1; WARNINGs: 0; non-fatal ERRORs: 0

Thank you for using QUAST!
